
> cy0task@0.0.1 start
> react-native start --max-workers 1


Welcome to React Native v0.80
Starting dev server on http://localhost:8081


                        笆停亦笆凪俣笆凪俣笆停亦
                     笆停俣笆凪俣笆停亦笆鯛桝笆停亦笆凪俣笆凪亦
                  笆停俣笆凪俣笆凪桝笆鯛桝笆停亦笆停亦笆鯛桝笆鯛俣笆凪俣笆凪亦
                 笆凪俣笆停亦笆停俣笆凪俣笆凪俣笆凪俣笆凪俣笆凪俣笆凪亦笆停亦笆凪俣
                 笆凪俣笆鯛桝笆鯛桝笆鯛亦笆凪俣笆凪俣笆凪俣笆停桝笆鯛桝笆鯛桝笆凪俣
                 笆凪俣笆鯛桝笆凪俣笆停桝笆鯛桝笆停亦笆鯛桝笆鯛亦笆凪亦笆鯛桝笆凪俣
                 笆凪俣笆鯛桝笆凪俣笆凪俣笆凪亦笆停亦笆停俣笆凪俣笆凪亦笆鯛桝笆凪俣
                 笆凪俣笆鯛桝笆凪俣笆凪俣笆凪俣笆凪俣笆凪俣笆凪俣笆凪亦笆鯛桝笆凪俣
                 笆凪俣笆停桝笆鯛亦笆停俣笆凪俣笆凪俣笆凪俣笆凪亦笆鯛桝笆鯛亦笆凪俣
                  笆停俣笆凪俣笆停桝笆鯛桝笆停俣笆凪亦笆鯛桝笆鯛亦笆凪俣笆凪亦
                     笆停俣笆凪俣笆停桝笆鯛桝笆鯛亦笆凪俣笆凪亦
                        笆停亦笆凪俣笆凪俣笆停亦


                Welcome to Metro v0.82.5
              Fast - Scalable - Integrated


 INFO  Connection established to app='com.cy0task' on device='sdk_gphone64_x86_64 - 16 - API 36'.
 INFO  Dev server ready. Press Ctrl+C to exit.
 INFO  Key commands available:

   r  - reload app(s)
   d  - open Dev Menu
   j  - open DevTools

 INFO  Connection closed to device='sdk_gphone64_x86_64 - 16 - API 36' for app='com.cy0task' with code='1006' and reason=''.
 INFO  Connection established to app='com.cy0task' on device='sdk_gphone64_x86_64 - 16 - API 36'.
 BUNDLE  ./index.ts 笆鯛桝笆鯛桝笆鯛桝笆鯛桝笆鯛桝笆鯛桝笆鯛桝笆鯛桝 0.0% (0/1)
 BUNDLE  ./index.ts 
 INFO  [1m[7m庁 JavaScript logs have moved![22m They can now be viewed in React Native DevTools. Tip: Type [1mj[22m in the terminal to open (requires Google Chrome or Microsoft Edge).[27m
 INFO  Connection closed to device='sdk_gphone64_x86_64 - 16 - API 36' for app='com.cy0task' with code='1006' and reason=''.
 INFO  Connection established to app='com.cy0task' on device='sdk_gphone64_x86_64 - 16 - API 36'.
 BUNDLE  ./index.ts 
 INFO  Connection closed to device='sdk_gphone64_x86_64 - 16 - API 36' for app='com.cy0task' with code='1006' and reason=''.
 INFO  Connection established to app='com.cy0task' on device='sdk_gphone64_x86_64 - 16 - API 36'.
 BUNDLE  ./index.ts 
 INFO  Connection closed to device='sdk_gphone64_x86_64 - 16 - API 36' for app='com.cy0task' with code='1006' and reason=''.
 INFO  Connection established to app='com.cy0task' on device='sdk_gphone64_x86_64 - 16 - API 36'.
 BUNDLE  ./index.ts 
 INFO  Connection closed to device='sdk_gphone64_x86_64 - 16 - API 36' for app='com.cy0task' with code='1006' and reason=''.
 INFO  Connection established to app='com.cy0task' on device='sdk_gphone64_x86_64 - 16 - API 36'.
 BUNDLE  ./index.ts 
 INFO  Connection closed to device='sdk_gphone64_x86_64 - 16 - API 36' for app='com.cy0task' with code='1006' and reason=''.
 INFO  Connection established to app='com.cy0task' on device='sdk_gphone64_x86_64 - 16 - API 36'.
 BUNDLE  ./index.ts 
 INFO  Connection closed to device='sdk_gphone64_x86_64 - 16 - API 36' for app='com.cy0task' with code='1006' and reason=''.
